#
# A fatal error has been detected by the Java Runtime Environment:
#
#  EXCEPTION_ACCESS_VIOLATION (0xc0000005) at pc=0x76fa44fc, pid=3884, tid=7648
#
# JRE version: 6.0_21-b06
# Java VM: Java HotSpot(TM) Client VM (17.0-b16 mixed mode, sharing windows-x86 )
# Problematic frame:
# C  [ntdll.dll+0x344fc]
#
# If you would like to submit a bug report, please visit:
#   http://java.sun.com/webapps/bugreport/crash.jsp
# The crash happened outside the Java Virtual Machine in native code.
# See problematic frame for where to report the bug.
#

---------------  T H R E A D  ---------------

Current thread (0x02273000):  JavaThread "pool-1-thread-1" [_thread_in_native, id=7648, stack(0x046d0000,0x04720000)]

siginfo: ExceptionCode=0xc0000005, writing address 0x0550e074

Registers:
EAX=0x00000051, EBX=0x0550dde8, ECX=0x0000fe59, EDX=0x7fffffff
ESP=0x0471f038, EBP=0x0471f060, ESI=0x0550dde8, EDI=0x056d0000
EIP=0x76fa44fc, EFLAGS=0x00010286

Top of Stack: (sp=0x0471f038)
0x0471f038:   056d0000 0550de78 00000000 6d506bb5
0x0471f048:   00000000 055c7cd8 0550ddf0 05da7be8
0x0471f058:   0000003f 000001f8 0471f158 76fa35b7
0x0471f068:   0000003f 0550de78 0471f128 00000000
0x0471f078:   73e745e6 00000000 056d0000 0550de80
0x0471f088:   07070707 09080808 09090909 0a0a0a0a
0x0471f098:   0b0b0b0b 0c0c0c0c 0d0d0d0d 0e0e0d0d
0x0471f0a8:   0e0e0e0e 056d0000 056d0150 10101010 

Instructions: (pc=0x76fa44fc)
0x76fa44ec:   8b 08 66 89 0e 66 8b 08 66 33 4f 54 8b 00 8b de
0x76fa44fc:   66 89 4c c6 04 e9 b6 ed ff ff 0f b6 72 0c 66 8b 


Stack: [0x046d0000,0x04720000],  sp=0x0471f038,  free space=13c0471eb1ck
Native frames: (J=compiled Java code, j=interpreted, Vv=VM code, C=native code)
C  [ntdll.dll+0x344fc]
C  [ntdll.dll+0x335b7]
C  [ntdll.dll+0x334a2]
C  [kernel32.dll+0x114ad]
C  [msvcr100.dll+0x1016a]
C  [opencv_core246.dll+0xf764]
C  [opencv_core246.dll+0x32918]
C  [opencv_core246.dll+0x32a95]
C  [jniopencv_core.dll+0x2f292]
j  com.googlecode.javacv.cpp.opencv_core.cvReleaseImage(Lcom/googlecode/javacv/cpp/opencv_core$IplImage;)V+0
j  com.googlecode.javacv.cpp.opencv_core$IplImage$ReleaseDeallocator.deallocate()V+1
j  com.googlecode.javacpp.Pointer$DeallocatorReference.clear()V+8
j  com.googlecode.javacpp.Pointer.deallocateReferences()V+17
j  com.googlecode.javacpp.Pointer.deallocator(Lcom/googlecode/javacpp/Pointer$Deallocator;)Lcom/googlecode/javacpp/Pointer;+21
j  com.googlecode.javacpp.Pointer.init(JIJ)V+31
v  ~StubRoutines::call_stub
V  [jvm.dll+0xf3abc]
V  [jvm.dll+0x1865b1]
V  [jvm.dll+0xf3b3d]
V  [jvm.dll+0xfd5cf]
V  [jvm.dll+0x102b97]
C  [jniopencv_core.dll+0x25ee2]
j  com.googlecode.javacv.cpp.opencv_core$CvSize.allocate()V+0
j  com.googlecode.javacv.cpp.opencv_core$CvSize.<init>()V+5
j  com.googlecode.javacv.cpp.opencv_core.cvSize(II)Lcom/googlecode/javacv/cpp/opencv_core$CvSize;+4
j  com.googlecode.javacv.cpp.opencv_core$IplImage.create(IIII)Lcom/googlecode/javacv/cpp/opencv_core$IplImage;+2
j  com.googlecode.javacv.cpp.opencv_core$IplImage.createFrom(Ljava/awt/image/BufferedImage;DZ)Lcom/googlecode/javacv/cpp/opencv_core$IplImage;+184
j  com.googlecode.javacv.cpp.opencv_core$IplImage.createFrom(Ljava/awt/image/BufferedImage;D)Lcom/googlecode/javacv/cpp/opencv_core$IplImage;+3
j  com.googlecode.javacv.cpp.opencv_core$IplImage.createFrom(Ljava/awt/image/BufferedImage;)Lcom/googlecode/javacv/cpp/opencv_core$IplImage;+2
j  bnbn.CmpPic(Ljava/lang/String;)D+48
j  bnbn$1.run()V+23
j  java.lang.Thread.run()V+11
j  java.util.concurrent.ThreadPoolExecutor$Worker.runTask(Ljava/lang/Runnable;)V+59
j  java.util.concurrent.ThreadPoolExecutor$Worker.run()V+28
j  java.lang.Thread.run()V+11
v  ~StubRoutines::call_stub
V  [jvm.dll+0xf3abc]
V  [jvm.dll+0x1865b1]
V  [jvm.dll+0xf3c87]
V  [jvm.dll+0xf3cfd]
V  [jvm.dll+0x11dac0]
V  [jvm.dll+0x1e6fb4]
V  [jvm.dll+0x185f5c]
C  [msvcr71.dll+0x9565]
C  [kernel32.dll+0x1336a]
C  [ntdll.dll+0x39f72]
C  [ntdll.dll+0x39f45]

Java frames: (J=compiled Java code, j=interpreted, Vv=VM code)
j  com.googlecode.javacv.cpp.opencv_core.cvReleaseImage(Lcom/googlecode/javacv/cpp/opencv_core$IplImage;)V+0
j  com.googlecode.javacv.cpp.opencv_core$IplImage$ReleaseDeallocator.deallocate()V+1
j  com.googlecode.javacpp.Pointer$DeallocatorReference.clear()V+8
j  com.googlecode.javacpp.Pointer.deallocateReferences()V+17
j  com.googlecode.javacpp.Pointer.deallocator(Lcom/googlecode/javacpp/Pointer$Deallocator;)Lcom/googlecode/javacpp/Pointer;+21
j  com.googlecode.javacpp.Pointer.init(JIJ)V+31
v  ~StubRoutines::call_stub
j  com.googlecode.javacv.cpp.opencv_core$CvSize.allocate()V+0
j  com.googlecode.javacv.cpp.opencv_core$CvSize.<init>()V+5
j  com.googlecode.javacv.cpp.opencv_core.cvSize(II)Lcom/googlecode/javacv/cpp/opencv_core$CvSize;+4
j  com.googlecode.javacv.cpp.opencv_core$IplImage.create(IIII)Lcom/googlecode/javacv/cpp/opencv_core$IplImage;+2
j  com.googlecode.javacv.cpp.opencv_core$IplImage.createFrom(Ljava/awt/image/BufferedImage;DZ)Lcom/googlecode/javacv/cpp/opencv_core$IplImage;+184
j  com.googlecode.javacv.cpp.opencv_core$IplImage.createFrom(Ljava/awt/image/BufferedImage;D)Lcom/googlecode/javacv/cpp/opencv_core$IplImage;+3
j  com.googlecode.javacv.cpp.opencv_core$IplImage.createFrom(Ljava/awt/image/BufferedImage;)Lcom/googlecode/javacv/cpp/opencv_core$IplImage;+2
j  bnbn.CmpPic(Ljava/lang/String;)D+48
j  bnbn$1.run()V+23
j  java.lang.Thread.run()V+11
j  java.util.concurrent.ThreadPoolExecutor$Worker.runTask(Ljava/lang/Runnable;)V+59
j  java.util.concurrent.ThreadPoolExecutor$Worker.run()V+28
j  java.lang.Thread.run()V+11
v  ~StubRoutines::call_stub

---------------  P R O C E S S  ---------------

Java Threads: ( => current thread )
  0x0227f000 JavaThread "AWT-Windows" daemon [_thread_in_native, id=8512, stack(0x04d60000,0x04db0000)]
  0x0227e800 JavaThread "AWT-Shutdown" [_thread_blocked, id=2872, stack(0x04cd0000,0x04d20000)]
  0x0227e400 JavaThread "Java2D Disposer" daemon [_thread_blocked, id=8912, stack(0x04c40000,0x04c90000)]
  0x022d9400 JavaThread "DestroyJavaVM" [_thread_blocked, id=9108, stack(0x00280000,0x002d0000)]
  0x02273c00 JavaThread "pool-1-thread-3" [_thread_in_native, id=5924, stack(0x047f0000,0x04840000)]
=>0x02273000 JavaThread "pool-1-thread-1" [_thread_in_native, id=7648, stack(0x046d0000,0x04720000)]
  0x0220dc00 JavaThread "Low Memory Detector" daemon [_thread_blocked, id=3832, stack(0x045b0000,0x04600000)]
  0x02209000 JavaThread "CompilerThread0" daemon [_thread_blocked, id=5784, stack(0x04520000,0x04570000)]
  0x02206000 JavaThread "Attach Listener" daemon [_thread_blocked, id=9028, stack(0x04490000,0x044e0000)]
  0x02205400 JavaThread "Signal Dispatcher" daemon [_thread_blocked, id=2000, stack(0x04400000,0x04450000)]
  0x021bfc00 JavaThread "Finalizer" daemon [_thread_blocked, id=9052, stack(0x04370000,0x043c0000)]
  0x021be400 JavaThread "Reference Handler" daemon [_thread_blocked, id=2676, stack(0x042e0000,0x04330000)]

Other Threads:
  0x021bd000 VMThread [stack: 0x007b0000,0x00800000] [id=8956]
  0x0220f800 WatcherThread [stack: 0x04640000,0x04690000] [id=7176]

VM state:not at safepoint (normal execution)

VM Mutex/Monitor currently owned by a thread: None

Heap
 def new generation   total 4928K, used 1293K [0x245b0000, 0x24b00000, 0x29b00000)
  eden space 4416K,  26% used [0x245b0000, 0x246cfc98, 0x24a00000)
  from space 512K,  27% used [0x24a00000, 0x24a23798, 0x24a80000)
  to   space 512K,   0% used [0x24a80000, 0x24a80000, 0x24b00000)
 tenured generation   total 10944K, used 6788K [0x29b00000, 0x2a5b0000, 0x345b0000)
   the space 10944K,  62% used [0x29b00000, 0x2a1a10e0, 0x2a1a1200, 0x2a5b0000)
 compacting perm gen  total 12288K, used 2110K [0x345b0000, 0x351b0000, 0x385b0000)
   the space 12288K,  17% used [0x345b0000, 0x347bf8c0, 0x347bfa00, 0x351b0000)
    ro space 10240K,  54% used [0x385b0000, 0x38b2c0f0, 0x38b2c200, 0x38fb0000)
    rw space 12288K,  55% used [0x38fb0000, 0x3964fb80, 0x3964fc00, 0x39bb0000)

Dynamic libraries:
0x00400000 - 0x00424000 	D:\tools\java\jre\bin\javaw.exe
0x76f70000 - 0x770f0000 	C:\Windows\SysWOW64\ntdll.dll
0x74cf0000 - 0x74e00000 	C:\Windows\syswow64\kernel32.dll
0x74b50000 - 0x74b97000 	C:\Windows\syswow64\KERNELBASE.dll
0x76040000 - 0x760e0000 	C:\Windows\syswow64\ADVAPI32.dll
0x74c40000 - 0x74cec000 	C:\Windows\syswow64\msvcrt.dll
0x75c60000 - 0x75c79000 	C:\Windows\SysWOW64\sechost.dll
0x746b0000 - 0x747a0000 	C:\Windows\syswow64\RPCRT4.dll
0x74650000 - 0x746b0000 	C:\Windows\syswow64\SspiCli.dll
0x74640000 - 0x7464c000 	C:\Windows\syswow64\CRYPTBASE.dll
0x75e40000 - 0x75f40000 	C:\Windows\syswow64\USER32.dll
0x74e00000 - 0x74e90000 	C:\Windows\syswow64\GDI32.dll
0x76f40000 - 0x76f4a000 	C:\Windows\syswow64\LPK.dll
0x75fa0000 - 0x7603d000 	C:\Windows\syswow64\USP10.dll
0x75f40000 - 0x75fa0000 	C:\Windows\system32\IMM32.DLL
0x76260000 - 0x7632c000 	C:\Windows\syswow64\MSCTF.dll
0x7c340000 - 0x7c396000 	D:\tools\java\jre\bin\msvcr71.dll
0x6d8b0000 - 0x6db57000 	D:\tools\java\jre\bin\client\jvm.dll
0x72af0000 - 0x72b22000 	C:\Windows\system32\WINMM.dll
0x72100000 - 0x7214c000 	C:\Windows\system32\apphelp.dll
0x6d860000 - 0x6d86c000 	D:\tools\java\jre\bin\verify.dll
0x6d3e0000 - 0x6d3ff000 	D:\tools\java\jre\bin\java.dll
0x6d340000 - 0x6d348000 	D:\tools\java\jre\bin\hpi.dll
0x74e90000 - 0x74e95000 	C:\Windows\syswow64\PSAPI.DLL
0x6d8a0000 - 0x6d8af000 	D:\tools\java\jre\bin\zip.dll
0x6d0b0000 - 0x6d1fa000 	D:\tools\java\jre\bin\awt.dll
0x724a0000 - 0x724f1000 	C:\Windows\system32\WINSPOOL.DRV
0x749e0000 - 0x74b3c000 	C:\Windows\syswow64\ole32.dll
0x72150000 - 0x722ee000 	C:\Windows\WinSxS\x86_microsoft.windows.common-controls_6595b64144ccf1df_6.0.7601.17514_none_41e6975e2bd6f2b2\COMCTL32.dll
0x765f0000 - 0x76647000 	C:\Windows\syswow64\SHLWAPI.dll
0x71840000 - 0x71853000 	C:\Windows\system32\DWMAPI.DLL
0x71e60000 - 0x71ee0000 	C:\Windows\system32\uxtheme.dll
0x10000000 - 0x10074000 	D:\tools\Kingsoft\kingsoft antivirus\kwsui.dll
0x74f20000 - 0x75b6a000 	C:\Windows\syswow64\SHELL32.dll
0x75b70000 - 0x75bff000 	C:\Windows\syswow64\OLEAUT32.dll
0x72d90000 - 0x72d9d000 	C:\Windows\system32\WTSAPI32.dll
0x72d80000 - 0x72d89000 	C:\Windows\system32\VERSION.dll
0x04f70000 - 0x050c0000 	C:\Program files (x86)\KSafe\ksfmon.dll
0x76670000 - 0x766a5000 	C:\Windows\syswow64\WS2_32.dll
0x74ba0000 - 0x74ba6000 	C:\Windows\syswow64\NSI.dll
0x04eb0000 - 0x04f0f000 	D:\tools\Kingsoft\kingsoft antivirus\lblocker.dll
0x6d500000 - 0x6d524000 	D:\tools\java\jre\bin\jpeg.dll
0x6d220000 - 0x6d24f000 	D:\tools\java\jre\bin\cmm.dll
0x6f940000 - 0x6f9fe000 	C:\Users\lyl\AppData\Local\Temp\javacpp9541681217131\msvcr100.dll
0x6f8d0000 - 0x6f939000 	C:\Users\lyl\AppData\Local\Temp\javacpp9541681217131\msvcp100.dll
0x6f570000 - 0x6f774000 	C:\Users\lyl\AppData\Local\Temp\javacpp9541681217131\opencv_core246.dll
0x6f850000 - 0x6f8c5000 	C:\Users\lyl\AppData\Local\Temp\javacpp9541681217131\jniopencv_core.dll
0x6f2c0000 - 0x6f52a000 	C:\Users\lyl\AppData\Local\Temp\javacpp9541681217131\opencv_imgproc246.dll
0x6f810000 - 0x6f849000 	C:\Users\lyl\AppData\Local\Temp\javacpp9541681217131\jniopencv_imgproc.dll

VM Arguments:
jvm_args: -Dfile.encoding=utf8 
java_command: bnbn
Launcher Type: SUN_STANDARD

Environment Variables:
JAVA_HOME=D:\tools\java
CLASSPATH=.;D:\tools\java\lib;D:\tools\java\lib\tools.jar;D:\tools\java\jre\lib\rt.jar
PATH=D:/tools/java/jre/bin/client;D:/tools/java/jre/bin;D:/tools/java/jre/lib/i386;C:\Program Files\Common Files\Microsoft Shared\Windows Live;C:\Program Files (x86)\Common Files\Microsoft Shared\Windows Live;C:\Program Files (x86)\AMD APP\bin\x86_64;C:\Program Files (x86)\AMD APP\bin\x86;D:\tools\java\bin;D:\tools\java\jre\bin;C:\Program Files (x86)\ATI Technologies\ATI.ACE\Core-Static;C:\Program Files (x86)\Autodesk\Backburner\;C:\Program Files\Common Files\Autodesk Shared\;C:\Program Files (x86)\Windows Live\Shared;C:\Windows\system32;C:\Windows;C:\Windows\system32\wbem;D:\modelsim\modelsim_ase\win32aloem;D:\tools\Android_SDk\eclipse;
USERNAME=lyl
OS=Windows_NT
PROCESSOR_IDENTIFIER=Intel64 Family 6 Model 37 Stepping 5, GenuineIntel



---------------  S Y S T E M  ---------------

OS: Windows 7 Build 7601 Service Pack 1

CPU:total 4 (8 cores per cpu, 2 threads per core) family 6 model 37 stepping 5, cmov, cx8, fxsr, mmx, sse, sse2, sse3, ssse3, sse4.1, sse4.2, popcnt, ht

Memory: 4k page, physical 4053688k(1212680k free), swap 8105516k(3884584k free)

vm_info: Java HotSpot(TM) Client VM (17.0-b16) for windows-x86 JRE (1.6.0_21-b06), built on Jun 22 2010 00:56:49 by "java_re" with MS VC++ 7.1 (VS2003)

time: Mon Jan 20 13:16:54 2014
elapsed time: 0 seconds

